2025-02-09 14:31:46,533 [Worker-10] INFO  o.e.m.c.i.p.ProjectConfigurationManager - Collecting project info '/pom.xml' C:\Users\KT\Desktop\WS-LPII-CL2\LPII_CL2_LEONALMERCODANIEL\pom.xml
2025-02-09 14:31:47,782 [Worker-10] INFO  o.e.m.c.i.l.LifecycleMappingFactory - Using org.maven.ide.eclipse.wtp.WarLifecycleMapping lifecycle mapping for MavenProject: maven.git.cl2:LPII_CL2_LEONALMERCODANIEL:0.0.1-SNAPSHOT @ C:\Users\KT\Desktop\WS-LPII-CL2\LPII_CL2_LEONALMERCODANIEL\pom.xml.
2025-02-09 14:31:48,720 [Worker-10] INFO  o.e.m.j.i.AbstractJavaProjectConfigurator - Adding source folder /LPII_CL2_LEONALMERCODANIEL/src/main/java
2025-02-09 14:31:48,720 [Worker-10] INFO  o.e.m.j.i.AbstractJavaProjectConfigurator - Adding resource folder /LPII_CL2_LEONALMERCODANIEL/src/main/resources
2025-02-09 14:31:48,721 [Worker-10] INFO  o.e.m.j.i.AbstractJavaProjectConfigurator - Adding source folder /LPII_CL2_LEONALMERCODANIEL/src/test/java
2025-02-09 14:31:50,145 [Worker-10] INFO  o.e.m.c.i.p.ProjectConfigurationManager - Imported and configured 1 project(s) in 3 sec
2025-02-09 14:31:50,504 [Worker-17] WARN  o.e.m.c.i.embedder.EclipseLogger - Using platform encoding (Cp1252 actually) to copy filtered resources, i.e. build is platform dependent!
2025-02-09 14:31:50,509 [Worker-17] INFO  o.e.m.c.i.embedder.EclipseLogger - Copying 0 resource
2025-02-09 14:31:50,510 [Worker-17] WARN  o.e.m.c.i.embedder.EclipseLogger - Using platform encoding (Cp1252 actually) to copy filtered resources, i.e. build is platform dependent!
2025-02-09 14:31:50,511 [Worker-17] INFO  o.e.m.c.i.embedder.EclipseLogger - skip non existing resourceDirectory C:\Users\KT\Desktop\WS-LPII-CL2\LPII_CL2_LEONALMERCODANIEL\src\test\resources
2025-02-09 14:31:51,937 [Worker-10] WARN  o.e.m.c.i.embedder.EclipseLogger - Using platform encoding (Cp1252 actually) to copy filtered resources, i.e. build is platform dependent!
2025-02-09 14:31:51,939 [Worker-10] INFO  o.e.m.c.i.embedder.EclipseLogger - Copying 0 resource
2025-02-09 14:31:51,940 [Worker-10] WARN  o.e.m.c.i.embedder.EclipseLogger - Using platform encoding (Cp1252 actually) to copy filtered resources, i.e. build is platform dependent!
2025-02-09 14:31:51,941 [Worker-10] INFO  o.e.m.c.i.embedder.EclipseLogger - skip non existing resourceDirectory C:\Users\KT\Desktop\WS-LPII-CL2\LPII_CL2_LEONALMERCODANIEL\src\test\resources
2025-02-09 14:31:52,978 [Worker-16] WARN  o.e.m.c.i.embedder.EclipseLogger - Using platform encoding (Cp1252 actually) to copy filtered resources, i.e. build is platform dependent!
2025-02-09 14:31:52,979 [Worker-16] INFO  o.e.m.c.i.embedder.EclipseLogger - Copying 0 resource
2025-02-09 14:31:52,979 [Worker-16] WARN  o.e.m.c.i.embedder.EclipseLogger - Using platform encoding (Cp1252 actually) to copy filtered resources, i.e. build is platform dependent!
2025-02-09 14:31:52,980 [Worker-16] INFO  o.e.m.c.i.embedder.EclipseLogger - skip non existing resourceDirectory C:\Users\KT\Desktop\WS-LPII-CL2\LPII_CL2_LEONALMERCODANIEL\src\test\resources
2025-02-09 14:32:16,007 [Worker-5] WARN  o.e.m.c.i.embedder.EclipseLogger - Using platform encoding (Cp1252 actually) to copy filtered resources, i.e. build is platform dependent!
2025-02-09 14:32:16,008 [Worker-5] INFO  o.e.m.c.i.embedder.EclipseLogger - Copying 0 resource
2025-02-09 14:32:16,009 [Worker-5] WARN  o.e.m.c.i.embedder.EclipseLogger - Using platform encoding (Cp1252 actually) to copy filtered resources, i.e. build is platform dependent!
2025-02-09 14:32:16,009 [Worker-5] INFO  o.e.m.c.i.embedder.EclipseLogger - skip non existing resourceDirectory C:\Users\KT\Desktop\WS-LPII-CL2\LPII_CL2_LEONALMERCODANIEL\src\test\resources
2025-02-09 14:33:03,364 [Worker-17] WARN  o.e.m.c.i.embedder.EclipseLogger - Using platform encoding (Cp1252 actually) to copy filtered resources, i.e. build is platform dependent!
2025-02-09 14:33:03,365 [Worker-17] INFO  o.e.m.c.i.embedder.EclipseLogger - Copying 0 resource
2025-02-09 14:33:03,366 [Worker-17] WARN  o.e.m.c.i.embedder.EclipseLogger - Using platform encoding (Cp1252 actually) to copy filtered resources, i.e. build is platform dependent!
2025-02-09 14:33:03,366 [Worker-17] INFO  o.e.m.c.i.embedder.EclipseLogger - skip non existing resourceDirectory C:\Users\KT\Desktop\WS-LPII-CL2\LPII_CL2_LEONALMERCODANIEL\src\test\resources
2025-02-09 14:33:45,515 [Worker-19] WARN  o.e.m.c.i.embedder.EclipseLogger - Using platform encoding (Cp1252 actually) to copy filtered resources, i.e. build is platform dependent!
2025-02-09 14:33:45,516 [Worker-19] INFO  o.e.m.c.i.embedder.EclipseLogger - Copying 0 resource
2025-02-09 14:33:45,516 [Worker-19] WARN  o.e.m.c.i.embedder.EclipseLogger - Using platform encoding (Cp1252 actually) to copy filtered resources, i.e. build is platform dependent!
2025-02-09 14:33:45,517 [Worker-19] INFO  o.e.m.c.i.embedder.EclipseLogger - skip non existing resourceDirectory C:\Users\KT\Desktop\WS-LPII-CL2\LPII_CL2_LEONALMERCODANIEL\src\test\resources
2025-02-09 14:33:46,574 [Worker-18] WARN  o.e.m.c.i.embedder.EclipseLogger - Using platform encoding (Cp1252 actually) to copy filtered resources, i.e. build is platform dependent!
2025-02-09 14:33:46,575 [Worker-18] INFO  o.e.m.c.i.embedder.EclipseLogger - Copying 0 resource
2025-02-09 14:33:46,576 [Worker-18] WARN  o.e.m.c.i.embedder.EclipseLogger - Using platform encoding (Cp1252 actually) to copy filtered resources, i.e. build is platform dependent!
2025-02-09 14:33:46,592 [Worker-18] INFO  o.e.m.c.i.embedder.EclipseLogger - skip non existing resourceDirectory C:\Users\KT\Desktop\WS-LPII-CL2\LPII_CL2_LEONALMERCODANIEL\src\test\resources
2025-02-09 14:33:59,694 [Worker-18] WARN  o.e.m.c.i.embedder.EclipseLogger - Using platform encoding (Cp1252 actually) to copy filtered resources, i.e. build is platform dependent!
2025-02-09 14:33:59,695 [Worker-18] INFO  o.e.m.c.i.embedder.EclipseLogger - Copying 0 resource
2025-02-09 14:33:59,696 [Worker-18] WARN  o.e.m.c.i.embedder.EclipseLogger - Using platform encoding (Cp1252 actually) to copy filtered resources, i.e. build is platform dependent!
2025-02-09 14:33:59,697 [Worker-18] INFO  o.e.m.c.i.embedder.EclipseLogger - skip non existing resourceDirectory C:\Users\KT\Desktop\WS-LPII-CL2\LPII_CL2_LEONALMERCODANIEL\src\test\resources
2025-02-09 14:34:13,419 [Worker-18] INFO  o.e.m.c.i.p.ProjectConfigurationManager - Update started
2025-02-09 14:34:13,884 [Worker-18] INFO  o.e.m.c.i.l.LifecycleMappingFactory - Using org.maven.ide.eclipse.wtp.WarLifecycleMapping lifecycle mapping for MavenProject: maven.git.cl2:LPII_CL2_LEONALMERCODANIEL:0.0.1-SNAPSHOT @ C:\Users\KT\Desktop\WS-LPII-CL2\LPII_CL2_LEONALMERCODANIEL\pom.xml.
2025-02-09 14:34:14,422 [Worker-18] INFO  o.e.m.j.i.AbstractJavaProjectConfigurator - Adding source folder /LPII_CL2_LEONALMERCODANIEL/src/main/java
2025-02-09 14:34:14,423 [Worker-18] INFO  o.e.m.j.i.AbstractJavaProjectConfigurator - Adding resource folder /LPII_CL2_LEONALMERCODANIEL/src/main/resources
2025-02-09 14:34:14,423 [Worker-18] INFO  o.e.m.j.i.AbstractJavaProjectConfigurator - Adding source folder /LPII_CL2_LEONALMERCODANIEL/src/test/java
2025-02-09 14:34:14,729 [Worker-18] INFO  o.e.m.w.i.f.ResourceFilteringBuildParticipant - Cleaning filtered folder for LPII_CL2_LEONALMERCODANIEL
2025-02-09 14:34:14,850 [Worker-18] INFO  o.e.m.c.i.p.ProjectConfigurationManager - Update completed: 1 sec
2025-02-09 14:34:15,037 [Worker-22] WARN  o.e.m.c.i.embedder.EclipseLogger - Using platform encoding (Cp1252 actually) to copy filtered resources, i.e. build is platform dependent!
2025-02-09 14:34:15,038 [Worker-22] INFO  o.e.m.c.i.embedder.EclipseLogger - Copying 0 resource
2025-02-09 14:34:15,039 [Worker-22] WARN  o.e.m.c.i.embedder.EclipseLogger - Using platform encoding (Cp1252 actually) to copy filtered resources, i.e. build is platform dependent!
2025-02-09 14:34:15,040 [Worker-22] INFO  o.e.m.c.i.embedder.EclipseLogger - skip non existing resourceDirectory C:\Users\KT\Desktop\WS-LPII-CL2\LPII_CL2_LEONALMERCODANIEL\src\test\resources
2025-02-09 14:34:15,040 [Worker-22] INFO  o.e.m.w.i.f.ResourceFilteringBuildParticipant - Changed resources require a complete clean of filtered resources of LPII_CL2_LEONALMERCODANIEL
2025-02-09 14:34:15,041 [Worker-22] INFO  o.e.m.w.i.f.ResourceFilteringBuildParticipant - Executing resource filtering for LPII_CL2_LEONALMERCODANIEL
2025-02-09 14:34:15,045 [Worker-22] WARN  o.e.m.c.i.embedder.EclipseLogger - Using platform encoding (Cp1252 actually) to copy filtered resources, i.e. build is platform dependent!
2025-02-09 14:34:35,109 [Worker-18] WARN  o.e.m.c.i.embedder.EclipseLogger - Using platform encoding (Cp1252 actually) to copy filtered resources, i.e. build is platform dependent!
2025-02-09 14:34:35,111 [Worker-18] INFO  o.e.m.c.i.embedder.EclipseLogger - Copying 0 resource
2025-02-09 14:34:35,111 [Worker-18] WARN  o.e.m.c.i.embedder.EclipseLogger - Using platform encoding (Cp1252 actually) to copy filtered resources, i.e. build is platform dependent!
2025-02-09 14:34:35,113 [Worker-18] INFO  o.e.m.c.i.embedder.EclipseLogger - skip non existing resourceDirectory C:\Users\KT\Desktop\WS-LPII-CL2\LPII_CL2_LEONALMERCODANIEL\src\test\resources
2025-02-09 14:35:17,823 [Worker-22] INFO  o.e.m.c.i.l.LifecycleMappingFactory - Using org.maven.ide.eclipse.wtp.WarLifecycleMapping lifecycle mapping for MavenProject: maven.git.cl2:LPII_CL2_LEONALMERCODANIEL:0.0.1-SNAPSHOT @ C:\Users\KT\Desktop\WS-LPII-CL2\LPII_CL2_LEONALMERCODANIEL\pom.xml.
2025-02-09 14:35:23,077 [Worker-22] WARN  o.e.m.c.i.embedder.EclipseLogger - Using platform encoding (Cp1252 actually) to copy filtered resources, i.e. build is platform dependent!
2025-02-09 14:35:23,079 [Worker-22] INFO  o.e.m.c.i.embedder.EclipseLogger - Copying 0 resource
2025-02-09 14:35:23,080 [Worker-22] WARN  o.e.m.c.i.embedder.EclipseLogger - Using platform encoding (Cp1252 actually) to copy filtered resources, i.e. build is platform dependent!
2025-02-09 14:35:23,081 [Worker-22] INFO  o.e.m.c.i.embedder.EclipseLogger - skip non existing resourceDirectory C:\Users\KT\Desktop\WS-LPII-CL2\LPII_CL2_LEONALMERCODANIEL\src\test\resources
2025-02-09 14:35:23,081 [Worker-22] INFO  o.e.m.w.i.f.ResourceFilteringBuildParticipant - Changed resources require a complete clean of filtered resources of LPII_CL2_LEONALMERCODANIEL
2025-02-09 14:35:23,081 [Worker-22] INFO  o.e.m.w.i.f.ResourceFilteringBuildParticipant - Executing resource filtering for LPII_CL2_LEONALMERCODANIEL
2025-02-09 14:35:23,084 [Worker-22] WARN  o.e.m.c.i.embedder.EclipseLogger - Using platform encoding (Cp1252 actually) to copy filtered resources, i.e. build is platform dependent!
2025-02-09 14:35:24,554 [Worker-20] WARN  o.e.m.c.i.embedder.EclipseLogger - Using platform encoding (Cp1252 actually) to copy filtered resources, i.e. build is platform dependent!
2025-02-09 14:35:24,556 [Worker-20] INFO  o.e.m.c.i.embedder.EclipseLogger - Copying 0 resource
2025-02-09 14:35:24,557 [Worker-20] WARN  o.e.m.c.i.embedder.EclipseLogger - Using platform encoding (Cp1252 actually) to copy filtered resources, i.e. build is platform dependent!
2025-02-09 14:35:24,558 [Worker-20] INFO  o.e.m.c.i.embedder.EclipseLogger - skip non existing resourceDirectory C:\Users\KT\Desktop\WS-LPII-CL2\LPII_CL2_LEONALMERCODANIEL\src\test\resources
2025-02-09 14:37:49,736 [Worker-17] WARN  o.e.m.c.i.embedder.EclipseLogger - Using platform encoding (Cp1252 actually) to copy filtered resources, i.e. build is platform dependent!
2025-02-09 14:37:49,737 [Worker-17] INFO  o.e.m.c.i.embedder.EclipseLogger - Copying 0 resource
2025-02-09 14:37:49,737 [Worker-17] WARN  o.e.m.c.i.embedder.EclipseLogger - Using platform encoding (Cp1252 actually) to copy filtered resources, i.e. build is platform dependent!
2025-02-09 14:37:49,738 [Worker-17] INFO  o.e.m.c.i.embedder.EclipseLogger - skip non existing resourceDirectory C:\Users\KT\Desktop\WS-LPII-CL2\LPII_CL2_LEONALMERCODANIEL\src\test\resources
2025-02-09 14:39:06,019 [Worker-18] WARN  o.e.m.c.i.embedder.EclipseLogger - Using platform encoding (Cp1252 actually) to copy filtered resources, i.e. build is platform dependent!
2025-02-09 14:39:06,021 [Worker-18] INFO  o.e.m.c.i.embedder.EclipseLogger - Copying 1 resource
2025-02-09 14:39:06,030 [Worker-18] WARN  o.e.m.c.i.embedder.EclipseLogger - Using platform encoding (Cp1252 actually) to copy filtered resources, i.e. build is platform dependent!
2025-02-09 14:39:06,030 [Worker-18] INFO  o.e.m.c.i.embedder.EclipseLogger - skip non existing resourceDirectory C:\Users\KT\Desktop\WS-LPII-CL2\LPII_CL2_LEONALMERCODANIEL\src\test\resources
2025-02-09 14:40:31,152 [Worker-26] WARN  o.e.m.c.i.embedder.EclipseLogger - Using platform encoding (Cp1252 actually) to copy filtered resources, i.e. build is platform dependent!
2025-02-09 14:40:31,156 [Worker-26] INFO  o.e.m.c.i.embedder.EclipseLogger - Copying 1 resource
2025-02-09 14:40:31,157 [Worker-26] WARN  o.e.m.c.i.embedder.EclipseLogger - Using platform encoding (Cp1252 actually) to copy filtered resources, i.e. build is platform dependent!
2025-02-09 14:40:31,158 [Worker-26] INFO  o.e.m.c.i.embedder.EclipseLogger - skip non existing resourceDirectory C:\Users\KT\Desktop\WS-LPII-CL2\LPII_CL2_LEONALMERCODANIEL\src\test\resources
2025-02-09 14:40:40,237 [Worker-24] WARN  o.e.m.c.i.embedder.EclipseLogger - Using platform encoding (Cp1252 actually) to copy filtered resources, i.e. build is platform dependent!
2025-02-09 14:40:40,239 [Worker-24] INFO  o.e.m.c.i.embedder.EclipseLogger - Copying 1 resource
2025-02-09 14:40:40,240 [Worker-24] WARN  o.e.m.c.i.embedder.EclipseLogger - Using platform encoding (Cp1252 actually) to copy filtered resources, i.e. build is platform dependent!
2025-02-09 14:40:40,240 [Worker-24] INFO  o.e.m.c.i.embedder.EclipseLogger - skip non existing resourceDirectory C:\Users\KT\Desktop\WS-LPII-CL2\LPII_CL2_LEONALMERCODANIEL\src\test\resources
2025-02-09 14:40:42,410 [Worker-18] WARN  o.e.m.c.i.embedder.EclipseLogger - Using platform encoding (Cp1252 actually) to copy filtered resources, i.e. build is platform dependent!
2025-02-09 14:40:42,411 [Worker-18] INFO  o.e.m.c.i.embedder.EclipseLogger - Copying 1 resource
2025-02-09 14:40:42,412 [Worker-18] WARN  o.e.m.c.i.embedder.EclipseLogger - Using platform encoding (Cp1252 actually) to copy filtered resources, i.e. build is platform dependent!
2025-02-09 14:40:42,412 [Worker-18] INFO  o.e.m.c.i.embedder.EclipseLogger - skip non existing resourceDirectory C:\Users\KT\Desktop\WS-LPII-CL2\LPII_CL2_LEONALMERCODANIEL\src\test\resources
2025-02-09 14:40:44,137 [Worker-20] WARN  o.e.m.c.i.embedder.EclipseLogger - Using platform encoding (Cp1252 actually) to copy filtered resources, i.e. build is platform dependent!
2025-02-09 14:40:44,138 [Worker-20] INFO  o.e.m.c.i.embedder.EclipseLogger - Copying 1 resource
2025-02-09 14:40:44,138 [Worker-20] WARN  o.e.m.c.i.embedder.EclipseLogger - Using platform encoding (Cp1252 actually) to copy filtered resources, i.e. build is platform dependent!
2025-02-09 14:40:44,139 [Worker-20] INFO  o.e.m.c.i.embedder.EclipseLogger - skip non existing resourceDirectory C:\Users\KT\Desktop\WS-LPII-CL2\LPII_CL2_LEONALMERCODANIEL\src\test\resources
2025-02-09 14:40:48,838 [Worker-17] WARN  o.e.m.c.i.embedder.EclipseLogger - Using platform encoding (Cp1252 actually) to copy filtered resources, i.e. build is platform dependent!
2025-02-09 14:40:48,839 [Worker-17] INFO  o.e.m.c.i.embedder.EclipseLogger - Copying 1 resource
2025-02-09 14:40:48,839 [Worker-17] WARN  o.e.m.c.i.embedder.EclipseLogger - Using platform encoding (Cp1252 actually) to copy filtered resources, i.e. build is platform dependent!
2025-02-09 14:40:48,840 [Worker-17] INFO  o.e.m.c.i.embedder.EclipseLogger - skip non existing resourceDirectory C:\Users\KT\Desktop\WS-LPII-CL2\LPII_CL2_LEONALMERCODANIEL\src\test\resources
2025-02-09 14:41:06,284 [Worker-26] WARN  o.e.m.c.i.embedder.EclipseLogger - Using platform encoding (Cp1252 actually) to copy filtered resources, i.e. build is platform dependent!
2025-02-09 14:41:06,286 [Worker-26] INFO  o.e.m.c.i.embedder.EclipseLogger - Copying 1 resource
2025-02-09 14:41:06,287 [Worker-26] WARN  o.e.m.c.i.embedder.EclipseLogger - Using platform encoding (Cp1252 actually) to copy filtered resources, i.e. build is platform dependent!
2025-02-09 14:41:06,288 [Worker-26] INFO  o.e.m.c.i.embedder.EclipseLogger - skip non existing resourceDirectory C:\Users\KT\Desktop\WS-LPII-CL2\LPII_CL2_LEONALMERCODANIEL\src\test\resources
2025-02-09 14:41:20,194 [Worker-28] WARN  o.e.m.c.i.embedder.EclipseLogger - Using platform encoding (Cp1252 actually) to copy filtered resources, i.e. build is platform dependent!
2025-02-09 14:41:20,195 [Worker-28] INFO  o.e.m.c.i.embedder.EclipseLogger - Copying 1 resource
2025-02-09 14:41:20,196 [Worker-28] WARN  o.e.m.c.i.embedder.EclipseLogger - Using platform encoding (Cp1252 actually) to copy filtered resources, i.e. build is platform dependent!
2025-02-09 14:41:20,196 [Worker-28] INFO  o.e.m.c.i.embedder.EclipseLogger - skip non existing resourceDirectory C:\Users\KT\Desktop\WS-LPII-CL2\LPII_CL2_LEONALMERCODANIEL\src\test\resources
2025-02-09 14:41:40,266 [Worker-26] WARN  o.e.m.c.i.embedder.EclipseLogger - Using platform encoding (Cp1252 actually) to copy filtered resources, i.e. build is platform dependent!
2025-02-09 14:41:40,267 [Worker-26] INFO  o.e.m.c.i.embedder.EclipseLogger - Copying 1 resource
2025-02-09 14:41:40,268 [Worker-26] WARN  o.e.m.c.i.embedder.EclipseLogger - Using platform encoding (Cp1252 actually) to copy filtered resources, i.e. build is platform dependent!
2025-02-09 14:41:40,268 [Worker-26] INFO  o.e.m.c.i.embedder.EclipseLogger - skip non existing resourceDirectory C:\Users\KT\Desktop\WS-LPII-CL2\LPII_CL2_LEONALMERCODANIEL\src\test\resources
2025-02-09 14:42:01,564 [Worker-26] WARN  o.e.m.c.i.embedder.EclipseLogger - Using platform encoding (Cp1252 actually) to copy filtered resources, i.e. build is platform dependent!
2025-02-09 14:42:01,565 [Worker-26] INFO  o.e.m.c.i.embedder.EclipseLogger - Copying 1 resource
2025-02-09 14:42:01,565 [Worker-26] WARN  o.e.m.c.i.embedder.EclipseLogger - Using platform encoding (Cp1252 actually) to copy filtered resources, i.e. build is platform dependent!
2025-02-09 14:42:01,566 [Worker-26] INFO  o.e.m.c.i.embedder.EclipseLogger - skip non existing resourceDirectory C:\Users\KT\Desktop\WS-LPII-CL2\LPII_CL2_LEONALMERCODANIEL\src\test\resources
2025-02-09 14:42:10,039 [Worker-27] WARN  o.e.m.c.i.embedder.EclipseLogger - Using platform encoding (Cp1252 actually) to copy filtered resources, i.e. build is platform dependent!
2025-02-09 14:42:10,040 [Worker-27] INFO  o.e.m.c.i.embedder.EclipseLogger - Copying 1 resource
2025-02-09 14:42:10,041 [Worker-27] WARN  o.e.m.c.i.embedder.EclipseLogger - Using platform encoding (Cp1252 actually) to copy filtered resources, i.e. build is platform dependent!
2025-02-09 14:42:10,041 [Worker-27] INFO  o.e.m.c.i.embedder.EclipseLogger - skip non existing resourceDirectory C:\Users\KT\Desktop\WS-LPII-CL2\LPII_CL2_LEONALMERCODANIEL\src\test\resources
2025-02-09 14:42:18,088 [Worker-28] WARN  o.e.m.c.i.embedder.EclipseLogger - Using platform encoding (Cp1252 actually) to copy filtered resources, i.e. build is platform dependent!
2025-02-09 14:42:18,089 [Worker-28] INFO  o.e.m.c.i.embedder.EclipseLogger - Copying 1 resource
2025-02-09 14:42:18,089 [Worker-28] WARN  o.e.m.c.i.embedder.EclipseLogger - Using platform encoding (Cp1252 actually) to copy filtered resources, i.e. build is platform dependent!
2025-02-09 14:42:18,091 [Worker-28] INFO  o.e.m.c.i.embedder.EclipseLogger - skip non existing resourceDirectory C:\Users\KT\Desktop\WS-LPII-CL2\LPII_CL2_LEONALMERCODANIEL\src\test\resources
2025-02-09 14:42:23,382 [Worker-25] WARN  o.e.m.c.i.embedder.EclipseLogger - Using platform encoding (Cp1252 actually) to copy filtered resources, i.e. build is platform dependent!
2025-02-09 14:42:23,384 [Worker-25] INFO  o.e.m.c.i.embedder.EclipseLogger - Copying 1 resource
2025-02-09 14:42:23,385 [Worker-25] WARN  o.e.m.c.i.embedder.EclipseLogger - Using platform encoding (Cp1252 actually) to copy filtered resources, i.e. build is platform dependent!
2025-02-09 14:42:23,385 [Worker-25] INFO  o.e.m.c.i.embedder.EclipseLogger - skip non existing resourceDirectory C:\Users\KT\Desktop\WS-LPII-CL2\LPII_CL2_LEONALMERCODANIEL\src\test\resources
2025-02-09 14:42:36,483 [Worker-18] WARN  o.e.m.c.i.embedder.EclipseLogger - Using platform encoding (Cp1252 actually) to copy filtered resources, i.e. build is platform dependent!
2025-02-09 14:42:36,485 [Worker-18] INFO  o.e.m.c.i.embedder.EclipseLogger - Copying 1 resource
2025-02-09 14:42:36,485 [Worker-18] WARN  o.e.m.c.i.embedder.EclipseLogger - Using platform encoding (Cp1252 actually) to copy filtered resources, i.e. build is platform dependent!
2025-02-09 14:42:36,486 [Worker-18] INFO  o.e.m.c.i.embedder.EclipseLogger - skip non existing resourceDirectory C:\Users\KT\Desktop\WS-LPII-CL2\LPII_CL2_LEONALMERCODANIEL\src\test\resources
2025-02-09 14:43:30,568 [Worker-28] INFO  o.e.m.i.launch.MavenLaunchDelegate - C:\Users\KT\Desktop\WS-LPII-CL2\LPII_CL2_LEONALMERCODANIEL
2025-02-09 14:43:30,569 [Worker-28] INFO  o.e.m.i.launch.MavenLaunchDelegate -  mvn  -B clean
2025-02-09 14:43:32,164 [Worker-26] WARN  o.e.m.c.i.embedder.EclipseLogger - Using platform encoding (Cp1252 actually) to copy filtered resources, i.e. build is platform dependent!
2025-02-09 14:43:32,165 [Worker-26] INFO  o.e.m.c.i.embedder.EclipseLogger - Copying 1 resource
2025-02-09 14:43:32,168 [Worker-26] WARN  o.e.m.c.i.embedder.EclipseLogger - Using platform encoding (Cp1252 actually) to copy filtered resources, i.e. build is platform dependent!
2025-02-09 14:43:32,168 [Worker-26] INFO  o.e.m.c.i.embedder.EclipseLogger - skip non existing resourceDirectory C:\Users\KT\Desktop\WS-LPII-CL2\LPII_CL2_LEONALMERCODANIEL\src\test\resources
2025-02-09 14:43:32,168 [Worker-26] INFO  o.e.m.w.i.f.ResourceFilteringBuildParticipant - Changed resources require a complete clean of filtered resources of LPII_CL2_LEONALMERCODANIEL
2025-02-09 14:43:32,168 [Worker-26] INFO  o.e.m.w.i.f.ResourceFilteringBuildParticipant - Executing resource filtering for LPII_CL2_LEONALMERCODANIEL
2025-02-09 14:43:32,173 [Worker-26] WARN  o.e.m.c.i.embedder.EclipseLogger - Using platform encoding (Cp1252 actually) to copy filtered resources, i.e. build is platform dependent!
2025-02-09 14:43:38,845 [Worker-18] INFO  o.e.m.c.i.p.ProjectConfigurationManager - Update started
2025-02-09 14:43:39,256 [Worker-18] INFO  o.e.m.c.i.l.LifecycleMappingFactory - Using org.maven.ide.eclipse.wtp.WarLifecycleMapping lifecycle mapping for MavenProject: maven.git.cl2:LPII_CL2_LEONALMERCODANIEL:0.0.1-SNAPSHOT @ C:\Users\KT\Desktop\WS-LPII-CL2\LPII_CL2_LEONALMERCODANIEL\pom.xml.
2025-02-09 14:43:40,407 [Worker-18] INFO  o.e.m.j.i.AbstractJavaProjectConfigurator - Adding source folder /LPII_CL2_LEONALMERCODANIEL/src/main/java
2025-02-09 14:43:40,407 [Worker-18] INFO  o.e.m.j.i.AbstractJavaProjectConfigurator - Adding resource folder /LPII_CL2_LEONALMERCODANIEL/src/main/resources
2025-02-09 14:43:40,407 [Worker-18] INFO  o.e.m.j.i.AbstractJavaProjectConfigurator - Adding source folder /LPII_CL2_LEONALMERCODANIEL/src/test/java
2025-02-09 14:43:41,299 [Worker-18] INFO  o.e.m.w.i.f.ResourceFilteringBuildParticipant - Cleaning filtered folder for LPII_CL2_LEONALMERCODANIEL
2025-02-09 14:43:41,346 [Worker-18] INFO  o.e.m.c.i.p.ProjectConfigurationManager - Update completed: 2 sec
2025-02-09 14:43:41,622 [Worker-18] WARN  o.e.m.c.i.embedder.EclipseLogger - Using platform encoding (Cp1252 actually) to copy filtered resources, i.e. build is platform dependent!
2025-02-09 14:43:41,623 [Worker-18] INFO  o.e.m.c.i.embedder.EclipseLogger - Copying 1 resource
2025-02-09 14:43:41,629 [Worker-18] WARN  o.e.m.c.i.embedder.EclipseLogger - Using platform encoding (Cp1252 actually) to copy filtered resources, i.e. build is platform dependent!
2025-02-09 14:43:41,630 [Worker-18] INFO  o.e.m.c.i.embedder.EclipseLogger - skip non existing resourceDirectory C:\Users\KT\Desktop\WS-LPII-CL2\LPII_CL2_LEONALMERCODANIEL\src\test\resources
2025-02-09 14:43:41,630 [Worker-18] INFO  o.e.m.w.i.f.ResourceFilteringBuildParticipant - Changed resources require a complete clean of filtered resources of LPII_CL2_LEONALMERCODANIEL
2025-02-09 14:43:41,630 [Worker-18] INFO  o.e.m.w.i.f.ResourceFilteringBuildParticipant - Executing resource filtering for LPII_CL2_LEONALMERCODANIEL
2025-02-09 14:43:41,632 [Worker-18] WARN  o.e.m.c.i.embedder.EclipseLogger - Using platform encoding (Cp1252 actually) to copy filtered resources, i.e. build is platform dependent!
2025-02-09 14:43:42,008 [Worker-18] WARN  o.e.m.c.i.embedder.EclipseLogger - Using platform encoding (Cp1252 actually) to copy filtered resources, i.e. build is platform dependent!
2025-02-09 14:43:42,009 [Worker-18] INFO  o.e.m.c.i.embedder.EclipseLogger - Copying 0 resource
2025-02-09 14:43:42,010 [Worker-18] WARN  o.e.m.c.i.embedder.EclipseLogger - Using platform encoding (Cp1252 actually) to copy filtered resources, i.e. build is platform dependent!
2025-02-09 14:43:42,010 [Worker-18] INFO  o.e.m.c.i.embedder.EclipseLogger - skip non existing resourceDirectory C:\Users\KT\Desktop\WS-LPII-CL2\LPII_CL2_LEONALMERCODANIEL\src\test\resources
2025-02-09 14:43:52,586 [main] INFO  org.eclipse.jetty.util.log - Logging initialized @994375ms
2025-02-09 14:43:52,688 [main] INFO  org.eclipse.jetty.server.Server - jetty-9.2.13.v20150730
2025-02-09 14:43:52,726 [main] INFO  o.e.j.server.handler.ContextHandler - Started o.e.j.s.ServletContextHandler@1ca18223{/wse,null,AVAILABLE}
2025-02-09 14:43:52,750 [main] INFO  o.e.jetty.server.ServerConnector - Started ServerConnector@d3afeeb{HTTP/1.1}{0.0.0.0:56657}
2025-02-09 14:43:52,750 [main] INFO  org.eclipse.jetty.server.Server - Started @994541ms
2025-02-09 14:45:51,517 [Worker-28] WARN  o.e.m.c.i.embedder.EclipseLogger - Using platform encoding (Cp1252 actually) to copy filtered resources, i.e. build is platform dependent!
2025-02-09 14:45:51,518 [Worker-28] INFO  o.e.m.c.i.embedder.EclipseLogger - Copying 0 resource
2025-02-09 14:45:51,519 [Worker-28] WARN  o.e.m.c.i.embedder.EclipseLogger - Using platform encoding (Cp1252 actually) to copy filtered resources, i.e. build is platform dependent!
2025-02-09 14:45:51,519 [Worker-28] INFO  o.e.m.c.i.embedder.EclipseLogger - skip non existing resourceDirectory C:\Users\KT\Desktop\WS-LPII-CL2\LPII_CL2_LEONALMERCODANIEL\src\test\resources
2025-02-09 14:50:01,884 [Worker-39] INFO  o.e.m.c.i.l.LifecycleMappingFactory - Using org.maven.ide.eclipse.wtp.WarLifecycleMapping lifecycle mapping for MavenProject: maven.git.cl2:LPII_CL2_LEONALMERCODANIEL:0.0.1-SNAPSHOT @ C:\Users\KT\Desktop\WS-LPII-CL2\LPII_CL2_LEONALMERCODANIEL\pom.xml.
2025-02-09 14:50:03,121 [Worker-39] WARN  o.e.m.c.i.embedder.EclipseLogger - Using platform encoding (Cp1252 actually) to copy filtered resources, i.e. build is platform dependent!
2025-02-09 14:50:03,123 [Worker-39] INFO  o.e.m.c.i.embedder.EclipseLogger - Copying 0 resource
2025-02-09 14:50:03,124 [Worker-39] WARN  o.e.m.c.i.embedder.EclipseLogger - Using platform encoding (Cp1252 actually) to copy filtered resources, i.e. build is platform dependent!
2025-02-09 14:50:03,125 [Worker-39] INFO  o.e.m.c.i.embedder.EclipseLogger - skip non existing resourceDirectory C:\Users\KT\Desktop\WS-LPII-CL2\LPII_CL2_LEONALMERCODANIEL\src\test\resources
2025-02-09 14:50:03,125 [Worker-39] INFO  o.e.m.w.i.f.ResourceFilteringBuildParticipant - Changed resources require a complete clean of filtered resources of LPII_CL2_LEONALMERCODANIEL
2025-02-09 14:50:03,125 [Worker-39] INFO  o.e.m.w.i.f.ResourceFilteringBuildParticipant - Executing resource filtering for LPII_CL2_LEONALMERCODANIEL
2025-02-09 14:50:03,127 [Worker-39] WARN  o.e.m.c.i.embedder.EclipseLogger - Using platform encoding (Cp1252 actually) to copy filtered resources, i.e. build is platform dependent!
2025-02-09 14:57:11,313 [Worker-28] INFO  o.e.m.c.i.p.ProjectConfigurationManager - Update started
2025-02-09 14:57:11,870 [Worker-28] INFO  o.e.m.c.i.l.LifecycleMappingFactory - Using org.maven.ide.eclipse.wtp.WarLifecycleMapping lifecycle mapping for MavenProject: maven.git.cl2:LPII_CL2_LEONALMERCODANIEL:0.0.1-SNAPSHOT @ C:\Users\KT\Desktop\WS-LPII-CL2\LPII_CL2_LEONALMERCODANIEL\pom.xml.
2025-02-09 14:57:13,208 [Worker-28] INFO  o.e.m.j.i.AbstractJavaProjectConfigurator - Adding source folder /LPII_CL2_LEONALMERCODANIEL/src/main/java
2025-02-09 14:57:13,208 [Worker-28] INFO  o.e.m.j.i.AbstractJavaProjectConfigurator - Adding resource folder /LPII_CL2_LEONALMERCODANIEL/src/main/resources
2025-02-09 14:57:13,208 [Worker-28] INFO  o.e.m.j.i.AbstractJavaProjectConfigurator - Adding source folder /LPII_CL2_LEONALMERCODANIEL/src/test/java
2025-02-09 14:57:14,005 [Worker-28] INFO  o.e.m.w.i.f.ResourceFilteringBuildParticipant - Cleaning filtered folder for LPII_CL2_LEONALMERCODANIEL
2025-02-09 14:57:14,164 [Worker-28] INFO  o.e.m.c.i.p.ProjectConfigurationManager - Update completed: 2 sec
2025-02-09 14:57:15,003 [Worker-44] WARN  o.e.m.c.i.embedder.EclipseLogger - Using platform encoding (Cp1252 actually) to copy filtered resources, i.e. build is platform dependent!
2025-02-09 14:57:15,005 [Worker-44] INFO  o.e.m.c.i.embedder.EclipseLogger - Copying 1 resource
2025-02-09 14:57:15,015 [Worker-44] WARN  o.e.m.c.i.embedder.EclipseLogger - Using platform encoding (Cp1252 actually) to copy filtered resources, i.e. build is platform dependent!
2025-02-09 14:57:15,016 [Worker-44] INFO  o.e.m.c.i.embedder.EclipseLogger - skip non existing resourceDirectory C:\Users\KT\Desktop\WS-LPII-CL2\LPII_CL2_LEONALMERCODANIEL\src\test\resources
2025-02-09 14:57:15,016 [Worker-44] INFO  o.e.m.w.i.f.ResourceFilteringBuildParticipant - Changed resources require a complete clean of filtered resources of LPII_CL2_LEONALMERCODANIEL
2025-02-09 14:57:15,016 [Worker-44] INFO  o.e.m.w.i.f.ResourceFilteringBuildParticipant - Executing resource filtering for LPII_CL2_LEONALMERCODANIEL
2025-02-09 14:57:15,018 [Worker-44] WARN  o.e.m.c.i.embedder.EclipseLogger - Using platform encoding (Cp1252 actually) to copy filtered resources, i.e. build is platform dependent!
2025-02-09 14:57:16,035 [Worker-50] WARN  o.e.m.c.i.embedder.EclipseLogger - Using platform encoding (Cp1252 actually) to copy filtered resources, i.e. build is platform dependent!
2025-02-09 14:57:16,039 [Worker-50] INFO  o.e.m.c.i.embedder.EclipseLogger - Copying 0 resource
2025-02-09 14:57:16,040 [Worker-50] WARN  o.e.m.c.i.embedder.EclipseLogger - Using platform encoding (Cp1252 actually) to copy filtered resources, i.e. build is platform dependent!
2025-02-09 14:57:16,040 [Worker-50] INFO  o.e.m.c.i.embedder.EclipseLogger - skip non existing resourceDirectory C:\Users\KT\Desktop\WS-LPII-CL2\LPII_CL2_LEONALMERCODANIEL\src\test\resources
2025-02-09 14:57:25,582 [Worker-49] WARN  o.e.m.c.i.embedder.EclipseLogger - Using platform encoding (Cp1252 actually) to copy filtered resources, i.e. build is platform dependent!
2025-02-09 14:57:25,583 [Worker-49] INFO  o.e.m.c.i.embedder.EclipseLogger - Copying 0 resource
2025-02-09 14:57:25,584 [Worker-49] WARN  o.e.m.c.i.embedder.EclipseLogger - Using platform encoding (Cp1252 actually) to copy filtered resources, i.e. build is platform dependent!
2025-02-09 14:57:25,584 [Worker-49] INFO  o.e.m.c.i.embedder.EclipseLogger - skip non existing resourceDirectory C:\Users\KT\Desktop\WS-LPII-CL2\LPII_CL2_LEONALMERCODANIEL\src\test\resources
2025-02-09 15:11:01,356 [Worker-58] WARN  o.e.m.c.i.embedder.EclipseLogger - Using platform encoding (Cp1252 actually) to copy filtered resources, i.e. build is platform dependent!
2025-02-09 15:11:01,359 [Worker-58] INFO  o.e.m.c.i.embedder.EclipseLogger - Copying 1 resource
2025-02-09 15:11:01,362 [Worker-58] WARN  o.e.m.c.i.embedder.EclipseLogger - Using platform encoding (Cp1252 actually) to copy filtered resources, i.e. build is platform dependent!
2025-02-09 15:11:01,363 [Worker-58] INFO  o.e.m.c.i.embedder.EclipseLogger - skip non existing resourceDirectory C:\Users\KT\Desktop\WS-LPII-CL2\LPII_CL2_LEONALMERCODANIEL\src\test\resources
2025-02-09 15:11:54,679 [Worker-46] WARN  o.e.m.c.i.embedder.EclipseLogger - Using platform encoding (Cp1252 actually) to copy filtered resources, i.e. build is platform dependent!
2025-02-09 15:11:54,682 [Worker-46] INFO  o.e.m.c.i.embedder.EclipseLogger - Copying 1 resource
2025-02-09 15:11:54,683 [Worker-46] WARN  o.e.m.c.i.embedder.EclipseLogger - Using platform encoding (Cp1252 actually) to copy filtered resources, i.e. build is platform dependent!
2025-02-09 15:11:54,685 [Worker-46] INFO  o.e.m.c.i.embedder.EclipseLogger - skip non existing resourceDirectory C:\Users\KT\Desktop\WS-LPII-CL2\LPII_CL2_LEONALMERCODANIEL\src\test\resources
2025-02-09 15:12:03,145 [Worker-46] WARN  o.e.m.c.i.embedder.EclipseLogger - Using platform encoding (Cp1252 actually) to copy filtered resources, i.e. build is platform dependent!
2025-02-09 15:12:03,146 [Worker-46] INFO  o.e.m.c.i.embedder.EclipseLogger - Copying 1 resource
2025-02-09 15:12:03,148 [Worker-46] WARN  o.e.m.c.i.embedder.EclipseLogger - Using platform encoding (Cp1252 actually) to copy filtered resources, i.e. build is platform dependent!
2025-02-09 15:12:03,150 [Worker-46] INFO  o.e.m.c.i.embedder.EclipseLogger - skip non existing resourceDirectory C:\Users\KT\Desktop\WS-LPII-CL2\LPII_CL2_LEONALMERCODANIEL\src\test\resources
2025-02-09 15:12:07,868 [Worker-54] WARN  o.e.m.c.i.embedder.EclipseLogger - Using platform encoding (Cp1252 actually) to copy filtered resources, i.e. build is platform dependent!
2025-02-09 15:12:07,869 [Worker-54] INFO  o.e.m.c.i.embedder.EclipseLogger - Copying 1 resource
2025-02-09 15:12:07,871 [Worker-54] WARN  o.e.m.c.i.embedder.EclipseLogger - Using platform encoding (Cp1252 actually) to copy filtered resources, i.e. build is platform dependent!
2025-02-09 15:12:07,871 [Worker-54] INFO  o.e.m.c.i.embedder.EclipseLogger - skip non existing resourceDirectory C:\Users\KT\Desktop\WS-LPII-CL2\LPII_CL2_LEONALMERCODANIEL\src\test\resources
2025-02-09 15:12:30,450 [Worker-59] WARN  o.e.m.c.i.embedder.EclipseLogger - Using platform encoding (Cp1252 actually) to copy filtered resources, i.e. build is platform dependent!
2025-02-09 15:12:30,451 [Worker-59] INFO  o.e.m.c.i.embedder.EclipseLogger - Copying 1 resource
2025-02-09 15:12:30,453 [Worker-59] WARN  o.e.m.c.i.embedder.EclipseLogger - Using platform encoding (Cp1252 actually) to copy filtered resources, i.e. build is platform dependent!
2025-02-09 15:12:30,453 [Worker-59] INFO  o.e.m.c.i.embedder.EclipseLogger - skip non existing resourceDirectory C:\Users\KT\Desktop\WS-LPII-CL2\LPII_CL2_LEONALMERCODANIEL\src\test\resources
2025-02-09 15:13:54,262 [Worker-59] WARN  o.e.m.c.i.embedder.EclipseLogger - Using platform encoding (Cp1252 actually) to copy filtered resources, i.e. build is platform dependent!
2025-02-09 15:13:54,263 [Worker-59] INFO  o.e.m.c.i.embedder.EclipseLogger - Copying 1 resource
2025-02-09 15:13:54,265 [Worker-59] WARN  o.e.m.c.i.embedder.EclipseLogger - Using platform encoding (Cp1252 actually) to copy filtered resources, i.e. build is platform dependent!
2025-02-09 15:13:54,265 [Worker-59] INFO  o.e.m.c.i.embedder.EclipseLogger - skip non existing resourceDirectory C:\Users\KT\Desktop\WS-LPII-CL2\LPII_CL2_LEONALMERCODANIEL\src\test\resources
2025-02-09 15:14:20,020 [Worker-56] WARN  o.e.m.c.i.embedder.EclipseLogger - Using platform encoding (Cp1252 actually) to copy filtered resources, i.e. build is platform dependent!
2025-02-09 15:14:20,021 [Worker-56] INFO  o.e.m.c.i.embedder.EclipseLogger - Copying 1 resource
2025-02-09 15:14:20,022 [Worker-56] WARN  o.e.m.c.i.embedder.EclipseLogger - Using platform encoding (Cp1252 actually) to copy filtered resources, i.e. build is platform dependent!
2025-02-09 15:14:20,024 [Worker-56] INFO  o.e.m.c.i.embedder.EclipseLogger - skip non existing resourceDirectory C:\Users\KT\Desktop\WS-LPII-CL2\LPII_CL2_LEONALMERCODANIEL\src\test\resources
2025-02-09 15:14:47,061 [Worker-59] WARN  o.e.m.c.i.embedder.EclipseLogger - Using platform encoding (Cp1252 actually) to copy filtered resources, i.e. build is platform dependent!
2025-02-09 15:14:47,062 [Worker-59] INFO  o.e.m.c.i.embedder.EclipseLogger - Copying 1 resource
2025-02-09 15:14:47,063 [Worker-59] WARN  o.e.m.c.i.embedder.EclipseLogger - Using platform encoding (Cp1252 actually) to copy filtered resources, i.e. build is platform dependent!
2025-02-09 15:14:47,098 [Worker-59] INFO  o.e.m.c.i.embedder.EclipseLogger - skip non existing resourceDirectory C:\Users\KT\Desktop\WS-LPII-CL2\LPII_CL2_LEONALMERCODANIEL\src\test\resources
2025-02-09 15:15:04,208 [Worker-59] WARN  o.e.m.c.i.embedder.EclipseLogger - Using platform encoding (Cp1252 actually) to copy filtered resources, i.e. build is platform dependent!
2025-02-09 15:15:04,209 [Worker-59] INFO  o.e.m.c.i.embedder.EclipseLogger - Copying 1 resource
2025-02-09 15:15:04,210 [Worker-59] WARN  o.e.m.c.i.embedder.EclipseLogger - Using platform encoding (Cp1252 actually) to copy filtered resources, i.e. build is platform dependent!
2025-02-09 15:15:04,210 [Worker-59] INFO  o.e.m.c.i.embedder.EclipseLogger - skip non existing resourceDirectory C:\Users\KT\Desktop\WS-LPII-CL2\LPII_CL2_LEONALMERCODANIEL\src\test\resources
2025-02-09 15:15:42,206 [Worker-58] WARN  o.e.m.c.i.embedder.EclipseLogger - Using platform encoding (Cp1252 actually) to copy filtered resources, i.e. build is platform dependent!
2025-02-09 15:15:42,207 [Worker-58] INFO  o.e.m.c.i.embedder.EclipseLogger - Copying 1 resource
2025-02-09 15:15:42,210 [Worker-58] WARN  o.e.m.c.i.embedder.EclipseLogger - Using platform encoding (Cp1252 actually) to copy filtered resources, i.e. build is platform dependent!
2025-02-09 15:15:42,211 [Worker-58] INFO  o.e.m.c.i.embedder.EclipseLogger - skip non existing resourceDirectory C:\Users\KT\Desktop\WS-LPII-CL2\LPII_CL2_LEONALMERCODANIEL\src\test\resources
2025-02-09 15:17:16,943 [Worker-56] WARN  o.e.r.models.ModelRepository - Failed to download org.eclipse.recommenders:index::zip:0.0.0
org.eclipse.aether.resolution.ArtifactResolutionException: Could not find artifact org.eclipse.recommenders:index:zip:0.0.0-SNAPSHOT in models (http://download.eclipse.org/recommenders/models/mars/)
	at org.eclipse.aether.internal.impl.DefaultArtifactResolver.resolve(DefaultArtifactResolver.java:444) ~[na:na]
	at org.eclipse.aether.internal.impl.DefaultArtifactResolver.resolveArtifacts(DefaultArtifactResolver.java:246) ~[na:na]
	at org.eclipse.aether.internal.impl.DefaultArtifactResolver.resolveArtifact(DefaultArtifactResolver.java:223) ~[na:na]
	at org.eclipse.aether.internal.impl.DefaultRepositorySystem.resolveArtifact(DefaultRepositorySystem.java:294) ~[na:na]
	at org.eclipse.recommenders.models.ModelRepository.resolveInternal(ModelRepository.java:192) [org.eclipse.recommenders.models_2.3.0.v20160216-1255.jar:na]
	at org.eclipse.recommenders.models.ModelRepository.resolve(ModelRepository.java:174) [org.eclipse.recommenders.models_2.3.0.v20160216-1255.jar:na]
	at org.eclipse.recommenders.internal.models.rcp.EclipseModelRepository.resolve(EclipseModelRepository.java:165) [org.eclipse.recommenders.models.rcp_2.3.0.v20160216-1255.jar:na]
	at org.eclipse.recommenders.internal.models.rcp.DownloadModelArchiveJob.run(DownloadModelArchiveJob.java:76) [org.eclipse.recommenders.models.rcp_2.3.0.v20160216-1255.jar:na]
	at org.eclipse.core.internal.jobs.Worker.run(Worker.java:55) [org.eclipse.core.jobs_3.7.0.v20150330-2103.jar:na]
Caused by: org.eclipse.aether.transfer.ArtifactNotFoundException: Could not find artifact org.eclipse.recommenders:index:zip:0.0.0-SNAPSHOT in models (http://download.eclipse.org/recommenders/models/mars/)
	at org.eclipse.aether.connector.basic.ArtifactTransportListener.transferFailed(ArtifactTransportListener.java:39) ~[org.eclipse.aether.connector.basic_1.0.1.v20141111.jar:na]
	at org.eclipse.aether.connector.basic.BasicRepositoryConnector$TaskRunner.run(BasicRepositoryConnector.java:355) ~[org.eclipse.aether.connector.basic_1.0.1.v20141111.jar:na]
	at org.eclipse.aether.util.concurrency.RunnableErrorForwarder$1.run(RunnableErrorForwarder.java:67) ~[na:na]
	at org.eclipse.aether.connector.basic.BasicRepositoryConnector$DirectExecutor.execute(BasicRepositoryConnector.java:581) ~[org.eclipse.aether.connector.basic_1.0.1.v20141111.jar:na]
	at org.eclipse.aether.connector.basic.BasicRepositoryConnector.get(BasicRepositoryConnector.java:249) ~[org.eclipse.aether.connector.basic_1.0.1.v20141111.jar:na]
	at org.eclipse.aether.internal.impl.DefaultArtifactResolver.performDownloads(DefaultArtifactResolver.java:520) ~[na:na]
	at org.eclipse.aether.internal.impl.DefaultArtifactResolver.resolve(DefaultArtifactResolver.java:421) ~[na:na]
	... 8 common frames omitted
2025-02-09 15:17:23,936 [Worker-56] WARN  o.e.m.c.i.embedder.EclipseLogger - Using platform encoding (Cp1252 actually) to copy filtered resources, i.e. build is platform dependent!
2025-02-09 15:17:23,938 [Worker-56] INFO  o.e.m.c.i.embedder.EclipseLogger - Copying 1 resource
2025-02-09 15:17:23,938 [Worker-56] WARN  o.e.m.c.i.embedder.EclipseLogger - Using platform encoding (Cp1252 actually) to copy filtered resources, i.e. build is platform dependent!
2025-02-09 15:17:23,939 [Worker-56] INFO  o.e.m.c.i.embedder.EclipseLogger - skip non existing resourceDirectory C:\Users\KT\Desktop\WS-LPII-CL2\LPII_CL2_LEONALMERCODANIEL\src\test\resources
2025-02-09 15:17:53,217 [Worker-46] WARN  o.e.m.c.i.embedder.EclipseLogger - Using platform encoding (Cp1252 actually) to copy filtered resources, i.e. build is platform dependent!
2025-02-09 15:17:53,218 [Worker-46] INFO  o.e.m.c.i.embedder.EclipseLogger - Copying 1 resource
2025-02-09 15:17:53,219 [Worker-46] WARN  o.e.m.c.i.embedder.EclipseLogger - Using platform encoding (Cp1252 actually) to copy filtered resources, i.e. build is platform dependent!
2025-02-09 15:17:53,219 [Worker-46] INFO  o.e.m.c.i.embedder.EclipseLogger - skip non existing resourceDirectory C:\Users\KT\Desktop\WS-LPII-CL2\LPII_CL2_LEONALMERCODANIEL\src\test\resources
2025-02-09 15:18:46,083 [Worker-64] WARN  o.e.m.c.i.embedder.EclipseLogger - Using platform encoding (Cp1252 actually) to copy filtered resources, i.e. build is platform dependent!
2025-02-09 15:18:46,085 [Worker-64] INFO  o.e.m.c.i.embedder.EclipseLogger - Copying 1 resource
